<!DOCTYPE html><html lang="en"><head><meta name="viewport" content="width=device-width, initial-scale=1"><title>Test report for s1514483 | Compiling Techniques, University of Edinburgh</title><link rel="stylesheet" href="https://maxcdn.bootstrapcdn.com/bootstrap/3.3.7/css/bootstrap.min.css" integrity="sha384-BVYiiSIFeK1dGmJRAkycuHAHRg32OmUcww7on3RYdg4Va+PmSTsz/K68vbdEjh4u" crossorigin="anonymous"><style type="text/css">body { margin: 0 auto; width: 70%; padding-bottom: 30px; } td.hd { font-weight: bold; text-align: center; } td { padding: 5px; }</style></head><body><div class="container" style="width:100%"><h2>Test report</h2>
<table border="1" cellspacing="1" cellpadding="5"><tr><td>Student ID</td><td>s1514483</td></tr><tr><td>Bitbucket account</td><td>cwrbs</td></tr><tr><td>Repository</td><td><a href="https://bitbucket.org/cwrbs/ct-17-18">cwrbs/ct-17-18</a></td></tr><tr><td>Alias</td><td>green deer</td></tr><tr><td>Start</td><td>2017-10-17 22:13:13</td></tr><tr><td>End</td><td>2017-10-17 22:13:17</td></tr><tr><td>Commit ID</td><td><a href="https://bitbucket.org/cwrbs/ct-17-18/commits/56f78a2ead950fcc316213a4bf27785f6d1fa8f2">56f78a2ead950fcc316213a4bf27785f6d1fa8f2</a></td></tr><tr><td>Tests summary</td><td><table border="1" cellspacing="1" cellpadding="5"><tr><td class="hd">Part</td><td class="hd">Passed / Total</td></tr></table></td></tr><tr><td>Exit codes</td><td><table border="1" cellspacing="1" cellpadding="5"><tr><td class="hd">Code</td><td class="hd">Explanation</td></tr><tr><td>250</td><td>One or more lexer error(s).</td></tr><tr><td>245</td><td>One or more parse error(s).</td></tr><tr><td>240</td><td>One or more semantic error(s).</td></tr><tr><td>230</td><td>Compiled program produced wrong output.</td></tr><tr><td>224</td><td>AST construction is wrong.</td></tr><tr><td>204</td><td>Compiled program not found.</td></tr><tr><td>124</td><td>Your compiler or produced program might have an infinite loop.</td></tr><tr><td>1</td><td>JVM exited prematurely. It occurs when your compiler has infinite recursion, requires a Java version different from 1.8, etc.</td></tr></table></td></tr></table><br /><ul class="nav nav-tabs"><li role="presentation" class="active"><a href="#Results" data-toggle="tab">Results</a></li><li role="presentation"><a href="#Buildlog" data-toggle="tab">Build log</a></li></ul><section class="tab-content"><div class="tab-pane active" id="Results"><div class="alert alert-danger" role="alert"><b>Test suite failure!</b> Build failed. See the provided build log.</div></div><div class="tab-pane" id="Buildlog"><pre>Apache Ant(TM) version 1.9.8 compiled on January 19 2017
Trying the default build file: build.xml
Buildfile: /tmp/tmpqsk4hvl6/cwrbs/build.xml
Detected Java version: 1.8 in: /usr/lib/jvm/java-8-openjdk-amd64/jre
Detected OS: Linux
parsing buildfile /tmp/tmpqsk4hvl6/cwrbs/build.xml with URI = file:/tmp/tmpqsk4hvl6/cwrbs/build.xml
Project base dir set to: /tmp/tmpqsk4hvl6/cwrbs
parsing buildfile jar:file:/usr/share/ant/lib/ant.jar!/org/apache/tools/ant/antlib.xml with URI = jar:file:/usr/share/ant/lib/ant.jar!/org/apache/tools/ant/antlib.xml from a zip file
 [property] Loading Environment env.
Build sequence for target(s) `clean' is [clean]
Complete build sequence is [clean, init, build-project, build-subprojects, cleanall, build-refprojects, Main, build, ]

clean:
   [delete] Deleting directory /tmp/tmpqsk4hvl6/cwrbs/bin
   [delete] Deleting /tmp/tmpqsk4hvl6/cwrbs/bin/parser/Parser.class
   [delete] Deleting directory /tmp/tmpqsk4hvl6/cwrbs/bin/parser
   [delete] Deleting /tmp/tmpqsk4hvl6/cwrbs/bin/Main$Mode.class
   [delete] Deleting /tmp/tmpqsk4hvl6/cwrbs/bin/.project
   [delete] Deleting /tmp/tmpqsk4hvl6/cwrbs/bin/lexer/Token.class
   [delete] Deleting /tmp/tmpqsk4hvl6/cwrbs/bin/lexer/Scanner.class
   [delete] Deleting /tmp/tmpqsk4hvl6/cwrbs/bin/lexer/Token$TokenClass.class
   [delete] Deleting /tmp/tmpqsk4hvl6/cwrbs/bin/lexer/Tokeniser.class
   [delete] Deleting /tmp/tmpqsk4hvl6/cwrbs/bin/lexer/Tok_dbg
   [delete] Deleting directory /tmp/tmpqsk4hvl6/cwrbs/bin/lexer
   [delete] Deleting /tmp/tmpqsk4hvl6/cwrbs/bin/.classpath
   [delete] Deleting /tmp/tmpqsk4hvl6/cwrbs/bin/util/Position.class
   [delete] Deleting directory /tmp/tmpqsk4hvl6/cwrbs/bin/util
   [delete] Deleting /tmp/tmpqsk4hvl6/cwrbs/bin/Main.class
   [delete] Deleting directory /tmp/tmpqsk4hvl6/cwrbs/bin

BUILD SUCCESSFUL
Total time: 0 seconds
Apache Ant(TM) version 1.9.8 compiled on January 19 2017
Trying the default build file: build.xml
Buildfile: /tmp/tmpqsk4hvl6/cwrbs/build.xml
Detected Java version: 1.8 in: /usr/lib/jvm/java-8-openjdk-amd64/jre
Detected OS: Linux
parsing buildfile /tmp/tmpqsk4hvl6/cwrbs/build.xml with URI = file:/tmp/tmpqsk4hvl6/cwrbs/build.xml
Project base dir set to: /tmp/tmpqsk4hvl6/cwrbs
parsing buildfile jar:file:/usr/share/ant/lib/ant.jar!/org/apache/tools/ant/antlib.xml with URI = jar:file:/usr/share/ant/lib/ant.jar!/org/apache/tools/ant/antlib.xml from a zip file
 [property] Loading Environment env.
Build sequence for target(s) `build' is [build-subprojects, init, build-project, build]
Complete build sequence is [build-subprojects, init, build-project, build, clean, cleanall, build-refprojects, Main, ]

build-subprojects:

init:
    [mkdir] Created dir: /tmp/tmpqsk4hvl6/cwrbs/bin
     [copy] .classpath added as .classpath doesn't exist.
     [copy] .project added as .project doesn't exist.
     [copy] lexer/Tok_dbg added as lexer/Tok_dbg doesn't exist.
     [copy] Copying 3 files to /tmp/tmpqsk4hvl6/cwrbs/bin
     [copy] Copying /tmp/tmpqsk4hvl6/cwrbs/src/.classpath to /tmp/tmpqsk4hvl6/cwrbs/bin/.classpath
     [copy] Copying /tmp/tmpqsk4hvl6/cwrbs/src/.project to /tmp/tmpqsk4hvl6/cwrbs/bin/.project
     [copy] Copying /tmp/tmpqsk4hvl6/cwrbs/src/lexer/Tok_dbg to /tmp/tmpqsk4hvl6/cwrbs/bin/lexer/Tok_dbg

build-project:
     [echo] ct-15-16: /tmp/tmpqsk4hvl6/cwrbs/build.xml
    [javac] /tmp/tmpqsk4hvl6/cwrbs/src/.classpath skipped - don't know how to handle it
    [javac] /tmp/tmpqsk4hvl6/cwrbs/src/.project skipped - don't know how to handle it
    [javac] Main.java added as Main.class doesn't exist.
    [javac] lexer/Scanner.java added as lexer/Scanner.class doesn't exist.
    [javac] /tmp/tmpqsk4hvl6/cwrbs/src/lexer/Tok_dbg skipped - don't know how to handle it
    [javac] lexer/Token.java added as lexer/Token.class doesn't exist.
    [javac] lexer/Tokeniser.java added as lexer/Tokeniser.class doesn't exist.
    [javac] parser/Parser.java added as parser/Parser.class doesn't exist.
    [javac] util/Position.java added as util/Position.class doesn't exist.
    [javac] Compiling 6 source files to /tmp/tmpqsk4hvl6/cwrbs/bin
    [javac] Using modern compiler
dropping /tmp/tmpqsk4hvl6/cwrbs/lib/asm-all-4.2.jar from path as it doesn't exist
    [javac] Compilation arguments:
    [javac] '-d'
    [javac] '/tmp/tmpqsk4hvl6/cwrbs/bin'
    [javac] '-classpath'
    [javac] '/tmp/tmpqsk4hvl6/cwrbs/bin:/usr/share/ant/lib/ant-launcher.jar:/usr/share/ant/lib/ant-apache-bcel.jar:/usr/share/ant/lib/ant-apache-oro.jar:/usr/share/ant/lib/ant-apache-regexp.jar:/usr/share/ant/lib/ant-jsch.jar:/usr/share/ant/lib/ant-antlr.jar:/usr/share/ant/lib/ant-swing.jar:/usr/share/ant/lib/ant-commons-net.jar:/usr/share/ant/lib/ant-testutil.jar:/usr/share/ant/lib/ant-junit4.jar:/usr/share/ant/lib/ant-junit.jar:/usr/share/ant/lib/ant-commons-logging.jar:/usr/share/ant/lib/ant-jmf.jar:/usr/share/ant/lib/ant-apache-xalan2.jar:/usr/share/ant/lib/ant-apache-resolver.jar:/usr/share/ant/lib/ant-javamail.jar:/usr/share/ant/lib/ant-jdepend.jar:/usr/share/ant/lib/ant-apache-log4j.jar:/usr/share/ant/lib/ant.jar:/usr/share/ant/lib/ant-apache-bsf.jar:/usr/lib/jvm/java-8-openjdk-amd64/lib/tools.jar'
    [javac] '-sourcepath'
    [javac] '/tmp/tmpqsk4hvl6/cwrbs/src'
    [javac] '-target'
    [javac] '1.8'
    [javac] '-g:source,lines,vars'
    [javac] '-source'
    [javac] '1.8'
    [javac] 
    [javac] The ' characters around the executable and arguments are
    [javac] not part of the command.
    [javac] Files to be compiled:
    [javac]     /tmp/tmpqsk4hvl6/cwrbs/src/Main.java
    [javac]     /tmp/tmpqsk4hvl6/cwrbs/src/lexer/Scanner.java
    [javac]     /tmp/tmpqsk4hvl6/cwrbs/src/lexer/Token.java
    [javac]     /tmp/tmpqsk4hvl6/cwrbs/src/lexer/Tokeniser.java
    [javac]     /tmp/tmpqsk4hvl6/cwrbs/src/parser/Parser.java
    [javac]     /tmp/tmpqsk4hvl6/cwrbs/src/util/Position.java
    [javac] /tmp/tmpqsk4hvl6/cwrbs/src/Main.java:1: error: package ast does not exist
    [javac] import ast.ASTPrinter;
    [javac]           ^
    [javac] /tmp/tmpqsk4hvl6/cwrbs/src/Main.java:2: error: package ast does not exist
    [javac] import ast.Program;
    [javac]           ^
    [javac] /tmp/tmpqsk4hvl6/cwrbs/src/Main.java:7: error: package sem does not exist
    [javac] import sem.SemanticAnalyzer;
    [javac]           ^
    [javac] /tmp/tmpqsk4hvl6/cwrbs/src/Main.java:96: error: cannot find symbol
    [javac]             Program programAst = parser.parse();
    [javac]             ^
    [javac]   symbol:   class Program
    [javac]   location: class Main
    [javac] /tmp/tmpqsk4hvl6/cwrbs/src/Main.java:104: error: cannot find symbol
    [javac]                     programAst.accept(new ASTPrinter(writer));
    [javac]                                           ^
    [javac]   symbol:   class ASTPrinter
    [javac]   location: class Main
    [javac] /tmp/tmpqsk4hvl6/cwrbs/src/Main.java:116: error: cannot find symbol
    [javac]             Program programAst = parser.parse();
    [javac]             ^
    [javac]   symbol:   class Program
    [javac]   location: class Main
    [javac] /tmp/tmpqsk4hvl6/cwrbs/src/Main.java:118: error: cannot find symbol
    [javac]                 SemanticAnalyzer sem = new SemanticAnalyzer();
    [javac]                 ^
    [javac]   symbol:   class SemanticAnalyzer
    [javac]   location: class Main
    [javac] /tmp/tmpqsk4hvl6/cwrbs/src/Main.java:118: error: cannot find symbol
    [javac]                 SemanticAnalyzer sem = new SemanticAnalyzer();
    [javac]                                            ^
    [javac]   symbol:   class SemanticAnalyzer
    [javac]   location: class Main
    [javac] 8 errors

BUILD FAILED
/tmp/tmpqsk4hvl6/cwrbs/build.xml:53: Compile failed; see the compiler error output for details.
	at org.apache.tools.ant.taskdefs.Javac.compile(Javac.java:1416)
	at org.apache.tools.ant.taskdefs.Javac.execute(Javac.java:1121)
	at org.apache.tools.ant.UnknownElement.execute(UnknownElement.java:293)
	at sun.reflect.NativeMethodAccessorImpl.invoke0(Native Method)
	at sun.reflect.NativeMethodAccessorImpl.invoke(NativeMethodAccessorImpl.java:62)
	at sun.reflect.DelegatingMethodAccessorImpl.invoke(DelegatingMethodAccessorImpl.java:43)
	at java.lang.reflect.Method.invoke(Method.java:498)
	at org.apache.tools.ant.dispatch.DispatchUtils.execute(DispatchUtils.java:106)
	at org.apache.tools.ant.Task.perform(Task.java:348)
	at org.apache.tools.ant.Target.execute(Target.java:435)
	at org.apache.tools.ant.Target.performTasks(Target.java:456)
	at org.apache.tools.ant.Project.executeSortedTargets(Project.java:1405)
	at org.apache.tools.ant.Project.executeTarget(Project.java:1376)
	at org.apache.tools.ant.helper.DefaultExecutor.executeTargets(DefaultExecutor.java:41)
	at org.apache.tools.ant.Project.executeTargets(Project.java:1260)
	at org.apache.tools.ant.Main.runBuild(Main.java:857)
	at org.apache.tools.ant.Main.startAnt(Main.java:236)
	at org.apache.tools.ant.launch.Launcher.run(Launcher.java:287)
	at org.apache.tools.ant.launch.Launcher.main(Launcher.java:113)

Total time: 0 seconds
</pre></div></section></div><script src="https://code.jquery.com/jquery-3.1.1.min.js" integrity="sha256-hVVnYaiADRTO2PzUGmuLJr8BLUSjGIZsDYGmIJLv2b8=" crossorigin="anonymous"></script><script src="https://maxcdn.bootstrapcdn.com/bootstrap/3.3.7/js/bootstrap.min.js" integrity="sha384-Tc5IQib027qvyjSMfHjOMaLkfuWVxZxUPnCJA7l2mCWNIpG9mGCD8wGNIcPD7Txa" crossorigin="anonymous"></script></body></html>